------------------------------------------------------------------------------------------------------------------------

[2019-03-07 18:38:21 #1 type] 
Type domain.Client is not enhanced.

[2019-03-07 18:38:21 #2 type] 
Type domain.Reserva is not enhanced.

[2019-03-07 18:38:21 #3 type] 
Type domain.Offer is not enhanced.

[2019-03-07 18:38:21 #4 type] 
Type domain.RuralHouse is not enhanced.

[2019-03-07 18:38:21 #5 type] 
Type domain.Owner is not enhanced.

[2019-03-07 18:38:21 #6 type] 
Type domain.FeedBack is not enhanced.

------------------------------------------------------------------------------------------------------------------------

[2019-03-07 18:39:45 #1 type] 
Type domain.Client is not enhanced.

[2019-03-07 18:39:45 #2 type] 
Type domain.Reserva is not enhanced.

[2019-03-07 18:39:45 #3 type] 
Type domain.Offer is not enhanced.

[2019-03-07 18:39:45 #4 type] 
Type domain.RuralHouse is not enhanced.

[2019-03-07 18:39:45 #5 type] 
Type domain.Owner is not enhanced.

[2019-03-07 18:39:45 #6 type] 
Type domain.FeedBack is not enhanced.

